<?xml version="1.0" encoding="UTF-8"?>
<testsuite xmlns:xsi="http://www.w3.org/2001/XMLSchema-instance" xsi:noNamespaceSchemaLocation="https://maven.apache.org/surefire/maven-surefire-plugin/xsd/surefire-test-report-3.0.xsd" version="3.0" name="com.qifuxing.fishingwebsite.service.ProductServiceTest" time="6.202" tests="8" errors="0" skipped="0" failures="0">
  <properties>
[...]
</properties>
  <testcase name="testDeleteID_ProductNotFound" classname="com.qifuxing.fishingwebsite.service.ProductServiceTest" time="0.056">
    <system-out><![CDATA[21:10:23.840 [main] DEBUG org.springframework.test.context.BootstrapUtils - Instantiating CacheAwareContextLoaderDelegate from class [org.springframework.test.context.cache.DefaultCacheAwareContextLoaderDelegate]
21:10:23.850 [main] DEBUG org.springframework.test.context.BootstrapUtils - Instantiating BootstrapContext using constructor [public org.springframework.test.context.support.DefaultBootstrapContext(java.lang.Class,org.springframework.test.context.CacheAwareContextLoaderDelegate)]
21:10:23.884 [main] DEBUG org.springframework.test.context.BootstrapUtils - Instantiating TestContextBootstrapper for test class [com.qifuxing.fishingwebsite.service.ProductServiceTest] from class [org.springframework.boot.test.context.SpringBootTestContextBootstrapper]
21:10:23.894 [main] INFO org.springframework.boot.test.context.SpringBootTestContextBootstrapper - Neither @ContextConfiguration nor @ContextHierarchy found for test class [com.qifuxing.fishingwebsite.service.ProductServiceTest], using SpringBootContextLoader
21:10:23.898 [main] DEBUG org.springframework.test.context.support.AbstractContextLoader - Did not detect default resource location for test class [com.qifuxing.fishingwebsite.service.ProductServiceTest]: class path resource [com/qifuxing/fishingwebsite/service/ProductServiceTest-context.xml] does not exist
21:10:23.899 [main] DEBUG org.springframework.test.context.support.AbstractContextLoader - Did not detect default resource location for test class [com.qifuxing.fishingwebsite.service.ProductServiceTest]: class path resource [com/qifuxing/fishingwebsite/service/ProductServiceTestContext.groovy] does not exist
21:10:23.899 [main] INFO org.springframework.test.context.support.AbstractContextLoader - Could not detect default resource locations for test class [com.qifuxing.fishingwebsite.service.ProductServiceTest]: no resource found for suffixes {-context.xml, Context.groovy}.
21:10:23.899 [main] INFO org.springframework.test.context.support.AnnotationConfigContextLoaderUtils - Could not detect default configuration classes for test class [com.qifuxing.fishingwebsite.service.ProductServiceTest]: ProductServiceTest does not declare any static, non-private, non-final, nested classes annotated with @Configuration.
21:10:23.946 [main] DEBUG org.springframework.test.context.support.ActiveProfilesUtils - Could not find an 'annotation declaring class' for annotation type [org.springframework.test.context.ActiveProfiles] and class [com.qifuxing.fishingwebsite.service.ProductServiceTest]
21:10:24.016 [main] DEBUG org.springframework.context.annotation.ClassPathScanningCandidateComponentProvider - Identified candidate component class: file [D:\OneDrive\A.CodeFiles\IdeaProjects\FishWebMarket\target\classes\com\qifuxing\fishingwebsite\FishWebApplication.class]
21:10:24.017 [main] INFO org.springframework.boot.test.context.SpringBootTestContextBootstrapper - Found @SpringBootConfiguration com.qifuxing.fishingwebsite.FishWebApplication for test class com.qifuxing.fishingwebsite.service.ProductServiceTest
21:10:24.124 [main] DEBUG org.springframework.boot.test.context.SpringBootTestContextBootstrapper - @TestExecutionListeners is not present for class [com.qifuxing.fishingwebsite.service.ProductServiceTest]: using defaults.
21:10:24.124 [main] INFO org.springframework.boot.test.context.SpringBootTestContextBootstrapper - Loaded default TestExecutionListener class names from location [META-INF/spring.factories]: [org.springframework.boot.test.mock.mockito.MockitoTestExecutionListener, org.springframework.boot.test.mock.mockito.ResetMocksTestExecutionListener, org.springframework.boot.test.autoconfigure.restdocs.RestDocsTestExecutionListener, org.springframework.boot.test.autoconfigure.web.client.MockRestServiceServerResetTestExecutionListener, org.springframework.boot.test.autoconfigure.web.servlet.MockMvcPrintOnlyOnFailureTestExecutionListener, org.springframework.boot.test.autoconfigure.web.servlet.WebDriverTestExecutionListener, org.springframework.boot.test.autoconfigure.webservices.client.MockWebServiceServerTestExecutionListener, org.springframework.test.context.web.ServletTestExecutionListener, org.springframework.test.context.support.DirtiesContextBeforeModesTestExecutionListener, org.springframework.test.context.event.ApplicationEventsTestExecutionListener, org.springframework.test.context.support.DependencyInjectionTestExecutionListener, org.springframework.test.context.support.DirtiesContextTestExecutionListener, org.springframework.test.context.transaction.TransactionalTestExecutionListener, org.springframework.test.context.jdbc.SqlScriptsTestExecutionListener, org.springframework.test.context.event.EventPublishingTestExecutionListener]
21:10:24.145 [main] INFO org.springframework.boot.test.context.SpringBootTestContextBootstrapper - Using TestExecutionListeners: [org.springframework.test.context.web.ServletTestExecutionListener@7a8fa663, org.springframework.test.context.support.DirtiesContextBeforeModesTestExecutionListener@5ce33a58, org.springframework.test.context.event.ApplicationEventsTestExecutionListener@78a287ed, org.springframework.boot.test.mock.mockito.MockitoTestExecutionListener@546ccad7, org.springframework.boot.test.autoconfigure.SpringBootDependencyInjectionTestExecutionListener@5357c287, org.springframework.test.context.support.DirtiesContextTestExecutionListener@1623134f, org.springframework.test.context.transaction.TransactionalTestExecutionListener@7a527389, org.springframework.test.context.jdbc.SqlScriptsTestExecutionListener@485a3466, org.springframework.test.context.event.EventPublishingTestExecutionListener@25748410, org.springframework.boot.test.mock.mockito.ResetMocksTestExecutionListener@2b43529a, org.springframework.boot.test.autoconfigure.restdocs.RestDocsTestExecutionListener@4264b240, org.springframework.boot.test.autoconfigure.web.client.MockRestServiceServerResetTestExecutionListener@5b04476e, org.springframework.boot.test.autoconfigure.web.servlet.MockMvcPrintOnlyOnFailureTestExecutionListener@5ad10c1a, org.springframework.boot.test.autoconfigure.web.servlet.WebDriverTestExecutionListener@6bb75258, org.springframework.boot.test.autoconfigure.webservices.client.MockWebServiceServerTestExecutionListener@c260bdc]
21:10:24.149 [main] DEBUG org.springframework.test.context.support.AbstractDirtiesContextTestExecutionListener - Before test class: context [DefaultTestContext@29e6eb25 testClass = ProductServiceTest, testInstance = [null], testMethod = [null], testException = [null], mergedContextConfiguration = [WebMergedContextConfiguration@62435e70 testClass = ProductServiceTest, locations = '{}', classes = '{class com.qifuxing.fishingwebsite.FishWebApplication}', contextInitializerClasses = '[]', activeProfiles = '{}', propertySourceLocations = '{}', propertySourceProperties = '{org.springframework.boot.test.context.SpringBootTestContextBootstrapper=true}', contextCustomizers = set[org.springframework.boot.test.context.filter.ExcludeFilterContextCustomizer@42530531, org.springframework.boot.test.json.DuplicateJsonObjectContextCustomizerFactory$DuplicateJsonObjectContextCustomizer@6bc407fd, org.springframework.boot.test.mock.mockito.MockitoContextCustomizer@0, org.springframework.boot.test.web.client.TestRestTemplateContextCustomizer@4ff8d125, org.springframework.boot.test.autoconfigure.actuate.metrics.MetricsExportContextCustomizerFactory$DisableMetricExportContextCustomizer@1fb669c3, org.springframework.boot.test.autoconfigure.properties.PropertyMappingContextCustomizer@0, org.springframework.boot.test.autoconfigure.web.servlet.WebDriverContextCustomizerFactory$Customizer@600b90df, org.springframework.boot.test.context.SpringBootTestArgs@1, org.springframework.boot.test.context.SpringBootTestWebEnvironment@2b71e916], resourceBasePath = 'src/main/webapp', contextLoader = 'org.springframework.boot.test.context.SpringBootContextLoader', parent = [null]], attributes = map['org.springframework.test.context.web.ServletTestExecutionListener.activateListener' -> true]], class annotated with @DirtiesContext [false] with mode [null].

  .   ____          _            __ _ _
 /\\ / ___'_ __ _ _(_)_ __  __ _ \ \ \ \
( ( )\___ | '_ | '_| | '_ \/ _` | \ \ \ \
 \\/  ___)| |_)| | | | | || (_| |  ) ) ) )
  '  |____| .__|_| |_|_| |_\__, | / / / /
 =========|_|==============|___/=/_/_/_/
 :: Spring Boot ::                (v2.7.0)

2024-05-28 21:10:24.524  INFO 14964 --- [           main] c.q.f.service.ProductServiceTest         : Starting ProductServiceTest using Java 11.0.18 on DESKTOP-6H3KJI8 with PID 14964 (started by Kevin in D:\OneDrive\A.CodeFiles\IdeaProjects\FishWebMarket)
2024-05-28 21:10:24.525 DEBUG 14964 --- [           main] c.q.f.service.ProductServiceTest         : Running with Spring Boot v2.7.0, Spring v5.3.20
2024-05-28 21:10:24.525  INFO 14964 --- [           main] c.q.f.service.ProductServiceTest         : No active profile set, falling back to 1 default profile: "default"
2024-05-28 21:10:25.170  INFO 14964 --- [           main] .s.d.r.c.RepositoryConfigurationDelegate : Bootstrapping Spring Data JPA repositories in DEFAULT mode.
2024-05-28 21:10:25.254  INFO 14964 --- [           main] .s.d.r.c.RepositoryConfigurationDelegate : Finished Spring Data repository scanning in 75 ms. Found 6 JPA repository interfaces.
2024-05-28 21:10:25.947  INFO 14964 --- [           main] o.hibernate.jpa.internal.util.LogHelper  : HHH000204: Processing PersistenceUnitInfo [name: default]
2024-05-28 21:10:26.021  INFO 14964 --- [           main] org.hibernate.Version                    : HHH000412: Hibernate ORM core version 5.6.9.Final
2024-05-28 21:10:26.201  INFO 14964 --- [           main] o.hibernate.annotations.common.Version   : HCANN000001: Hibernate Commons Annotations {5.1.2.Final}
2024-05-28 21:10:26.646  INFO 14964 --- [           main] com.zaxxer.hikari.HikariDataSource       : HikariPool-1 - Starting...
2024-05-28 21:10:26.982  INFO 14964 --- [           main] com.zaxxer.hikari.HikariDataSource       : HikariPool-1 - Start completed.
2024-05-28 21:10:27.004  INFO 14964 --- [           main] org.hibernate.dialect.Dialect            : HHH000400: Using dialect: org.hibernate.dialect.MySQL5Dialect
Hibernate: alter table order_product add constraint FKhnfgqyjx3i80qoymrssls3kno foreign key (product_id) references product (id)
Hibernate: alter table order_product add constraint FKl5mnj9n0di7k1v90yxnthkc73 foreign key (order_id) references orders (orderid)
2024-05-28 21:10:27.901  INFO 14964 --- [           main] o.h.e.t.j.p.i.JtaPlatformInitiator       : HHH000490: Using JtaPlatform implementation: [org.hibernate.engine.transaction.jta.platform.internal.NoJtaPlatform]
2024-05-28 21:10:27.910  INFO 14964 --- [           main] j.LocalContainerEntityManagerFactoryBean : Initialized JPA EntityManagerFactory for persistence unit 'default'
2024-05-28 21:10:27.975  WARN 14964 --- [           main] JpaBaseConfiguration$JpaWebConfiguration : spring.jpa.open-in-view is enabled by default. Therefore, database queries may be performed during view rendering. Explicitly configure spring.jpa.open-in-view to disable this warning
2024-05-28 21:10:29.538  INFO 14964 --- [           main] o.s.s.web.DefaultSecurityFilterChain     : Will secure any request with [org.springframework.security.web.session.DisableEncodeUrlFilter@6debf1b8, org.springframework.security.web.context.request.async.WebAsyncManagerIntegrationFilter@701da311, org.springframework.security.web.context.SecurityContextPersistenceFilter@28f081ad, org.springframework.security.web.header.HeaderWriterFilter@3b60be3, org.springframework.security.web.authentication.logout.LogoutFilter@52b77d5e, org.springframework.security.web.savedrequest.RequestCacheAwareFilter@2ffaa711, org.springframework.security.web.servletapi.SecurityContextHolderAwareRequestFilter@1b83fac3, org.springframework.security.web.authentication.AnonymousAuthenticationFilter@4fe9fb65, org.springframework.security.web.session.SessionManagementFilter@5b27d03d, org.springframework.security.web.access.ExceptionTranslationFilter@6779af40, org.springframework.security.web.access.intercept.FilterSecurityInterceptor@df5f657]
2024-05-28 21:10:29.617  INFO 14964 --- [           main] c.q.f.service.ProductServiceTest         : Started ProductServiceTest in 5.425 seconds (JVM running for 6.476)
]]></system-out>
  </testcase>
  <testcase name="testUpdateProduct" classname="com.qifuxing.fishingwebsite.service.ProductServiceTest" time="0.009"/>
  <testcase name="testGetProductById_ProductNotFound" classname="com.qifuxing.fishingwebsite.service.ProductServiceTest" time="0.006"/>
  <testcase name="testGetAllProducts_EmptyList" classname="com.qifuxing.fishingwebsite.service.ProductServiceTest" time="0.006"/>
  <testcase name="testAddProduct" classname="com.qifuxing.fishingwebsite.service.ProductServiceTest" time="0.006"/>
  <testcase name="testGetProductById" classname="com.qifuxing.fishingwebsite.service.ProductServiceTest" time="0.003"/>
  <testcase name="testDeleteID" classname="com.qifuxing.fishingwebsite.service.ProductServiceTest" time="0.013"/>
  <testcase name="testGetAllProducts" classname="com.qifuxing.fishingwebsite.service.ProductServiceTest" time="0.006"/>
</testsuite>