<?xml version="1.0" encoding="UTF-8"?>
<testsuite xmlns:xsi="http://www.w3.org/2001/XMLSchema-instance" xsi:noNamespaceSchemaLocation="https://maven.apache.org/surefire/maven-surefire-plugin/xsd/surefire-test-report-3.0.xsd" version="3.0" name="com.qifuxing.fishingwebsite.service.ProductServiceTest" time="0.021" tests="8" errors="0" skipped="0" failures="0">
  <properties>
[...]
</properties>
  <testcase name="testDeleteID_ProductNotFound" classname="com.qifuxing.fishingwebsite.service.ProductServiceTest" time="0.004"/>
  <testcase name="testUpdateProduct" classname="com.qifuxing.fishingwebsite.service.ProductServiceTest" time="0.002"/>
  <testcase name="testGetProductById_ProductNotFound" classname="com.qifuxing.fishingwebsite.service.ProductServiceTest" time="0.002"/>
  <testcase name="testGetAllProducts_EmptyList" classname="com.qifuxing.fishingwebsite.service.ProductServiceTest" time="0.002"/>
  <testcase name="testAddProduct" classname="com.qifuxing.fishingwebsite.service.ProductServiceTest" time="0.001"/>
  <testcase name="testGetProductById" classname="com.qifuxing.fishingwebsite.service.ProductServiceTest" time="0.001"/>
  <testcase name="testDeleteID" classname="com.qifuxing.fishingwebsite.service.ProductServiceTest" time="0.002"/>
  <testcase name="testGetAllProducts" classname="com.qifuxing.fishingwebsite.service.ProductServiceTest" time="0.001"/>
</testsuite>